#
# A fatal error has been detected by the Java Runtime Environment:
#
#  EXCEPTION_ACCESS_VIOLATION (0xc0000005) at pc=0x74c2c585, pid=6040, tid=3036
#
# JRE version: 6.0_17-b04
# Java VM: Java HotSpot(TM) Client VM (14.3-b01 mixed mode windows-x86 )
# Problematic frame:
# V  [jvm.dll+0xfc585]
#
# If you would like to submit a bug report, please visit:
#   http://java.sun.com/webapps/bugreport/crash.jsp
#

---------------  T H R E A D  ---------------

Current thread (0x1f653c00):  JavaThread "Code Analyzer updating thread" [_thread_in_vm, id=3036, stack(0x24380000,0x24400000)]

siginfo: ExceptionCode=0xc0000005, reading address 0x00000000

Registers:
EAX=0x00000000, EBX=0x1f653d10, ECX=0x1f653c00, EDX=0x74d467a4
ESP=0x243ff214, EBP=0x243ff25c, ESI=0x1f653c00, EDI=0x00000000
EIP=0x74c2c585, EFLAGS=0x00010246

Top of Stack: (sp=0x243ff214)
0x243ff214:   28205688 1f653d10 73f02fba 243ff2b8
0x243ff224:   74d1dff0 74d1f2f0 ffffffff 243ff240
0x243ff234:   74b310e0 1f653c00 243ffcd4 243ff270
0x243ff244:   74c2f5b9 1f653c00 1f653c00 2836b2e4
0x243ff254:   000004bb 74d467a4 243ff274 73f010fd
0x243ff264:   1f653d10 28205688 00000000 243ff288
0x243ff274:   243ffaf8 73f02fea 1f653d10 28205688
0x243ff284:   00000000 00262dc7 243ffaec 243ff528 

Instructions: (pc=0x74c2c585)
0x74c2c575:   00 00 00 74 08 8d 4d f0 e8 3e 24 08 00 8b 7d 10
0x74c2c585:   8b 07 c7 45 e0 0c 00 00 00 8b 48 08 0f b7 51 26 


Stack: [0x24380000,0x24400000],  sp=0x243ff214,  free space=508k
Native frames: (J=compiled Java code, j=interpreted, Vv=VM code, C=native code)
V  [jvm.dll+0xfc585]
C  0x73f010fd
C  0x73f02fea
j  com.mathworks.widgets.text.mcode.MLint.nativeGetMessages(Ljava/lang/String;Ljava/lang/String;)Ljava/util/List;+0
j  com.mathworks.widgets.text.mcode.MLint.getMessages(Ljava/lang/String;Ljava/lang/String;Lcom/mathworks/widgets/text/mcode/MLintConfiguration;Z)Ljava/util/List;+67
j  com.mathworks.widgets.text.mcode.analyzer.CodeAnalyzerThread.doMLint()V+95
j  com.mathworks.widgets.text.mcode.analyzer.CodeAnalyzerThread.access$400(Lcom/mathworks/widgets/text/mcode/analyzer/CodeAnalyzerThread;)V+1
j  com.mathworks.widgets.text.mcode.analyzer.CodeAnalyzerThread$MLintRunnable.run()V+14
j  java.lang.Thread.run()V+11
v  ~StubRoutines::call_stub
V  [jvm.dll+0xecf9c]
V  [jvm.dll+0x1741d1]
V  [jvm.dll+0xed167]
V  [jvm.dll+0xed1dd]
V  [jvm.dll+0x116290]
V  [jvm.dll+0x1d0414]
V  [jvm.dll+0x173e4c]
C  0x7d919565
C  [kernel32.dll+0x4ed5c]
C  [ntdll.dll+0x637eb]
C  [ntdll.dll+0x637be]

Java frames: (J=compiled Java code, j=interpreted, Vv=VM code)
j  com.mathworks.widgets.text.mcode.MLint.nativeGetMessages(Ljava/lang/String;Ljava/lang/String;)Ljava/util/List;+0
j  com.mathworks.widgets.text.mcode.MLint.getMessages(Ljava/lang/String;Ljava/lang/String;Lcom/mathworks/widgets/text/mcode/MLintConfiguration;Z)Ljava/util/List;+67
j  com.mathworks.widgets.text.mcode.analyzer.CodeAnalyzerThread.doMLint()V+95
j  com.mathworks.widgets.text.mcode.analyzer.CodeAnalyzerThread.access$400(Lcom/mathworks/widgets/text/mcode/analyzer/CodeAnalyzerThread;)V+1
j  com.mathworks.widgets.text.mcode.analyzer.CodeAnalyzerThread$MLintRunnable.run()V+14
j  java.lang.Thread.run()V+11
v  ~StubRoutines::call_stub

---------------  P R O C E S S  ---------------

Java Threads: ( => current thread )
  0x1f655000 JavaThread "Image Fetcher 0" daemon [_thread_blocked, id=4736, stack(0x24590000,0x24610000)]
=>0x1f653c00 JavaThread "Code Analyzer updating thread" [_thread_in_vm, id=3036, stack(0x24380000,0x24400000)]
  0x1f656000 JavaThread "RecordlistTable Timer" daemon [_thread_blocked, id=3252, stack(0x2a8b0000,0x2a930000)]
  0x1fa1a800 JavaThread "XPCOMThread" [_thread_in_native, id=5140, stack(0x2d2d0000,0x2dad0000)]
  0x1fa1b400 JavaThread "Browser Events Thread" daemon [_thread_blocked, id=3944, stack(0x2e500000,0x2e580000)]
  0x1fa18800 JavaThread "com.jniwrapper.NativeResourceCollector" daemon [_thread_blocked, id=1440, stack(0x242c0000,0x24340000)]
  0x1fa19000 JavaThread "XPCOM" daemon [_thread_in_native, id=5036, stack(0x24240000,0x242c0000)]
  0x1fa1a000 JavaThread "Code Analyzer updating thread" [_thread_blocked, id=4904, stack(0x249b0000,0x24a30000)]
  0x1fa19400 JavaThread "Code Analyzer updating thread" [_thread_blocked, id=4608, stack(0x230d0000,0x23150000)]
  0x1fa19c00 JavaThread "Foxtrot Single Worker Thread #1" daemon [_thread_blocked, id=4768, stack(0x22fb0000,0x23030000)]
  0x1f655c00 JavaThread "Code Analyzer updating thread" [_thread_blocked, id=2952, stack(0x22f30000,0x22fb0000)]
  0x1f652400 JavaThread "Prefs Updater" daemon [_thread_blocked, id=4960, stack(0x22e30000,0x22eb0000)]
  0x1fa18400 JavaThread "Code Analyzer updating thread" [_thread_blocked, id=1056, stack(0x278a0000,0x27920000)]
  0x1f99cc00 JavaThread "Code Analyzer updating thread" [_thread_blocked, id=4596, stack(0x27820000,0x278a0000)]
  0x1f99c400 JavaThread "Active Reference Queue Daemon" daemon [_thread_blocked, id=4944, stack(0x277a0000,0x27820000)]
  0x1f99c000 JavaThread "Timer-1" daemon [_thread_blocked, id=3380, stack(0x27720000,0x277a0000)]
  0x1f99b400 JavaThread "ClipboardMonitor Timer" daemon [_thread_blocked, id=4644, stack(0x26650000,0x266d0000)]
  0x1f656800 JavaThread "Swing-Shell" daemon [_thread_blocked, id=5064, stack(0x25600000,0x25680000)]
  0x1f655400 JavaThread "Explorer NavigationContext request queue" daemon [_thread_blocked, id=4728, stack(0x25380000,0x25400000)]
  0x1f654800 JavaThread "AddressBar directory emptiness poller" daemon [_thread_blocked, id=6080, stack(0x25280000,0x25300000)]
  0x1f654400 JavaThread "Explorer Refresh Service 3866956" daemon [_thread_blocked, id=5500, stack(0x25200000,0x25280000)]
  0x1f652c00 JavaThread "Thread-4" daemon [_thread_blocked, id=4048, stack(0x24ce0000,0x24d60000)]
  0x1f652000 JavaThread "TimerQueue" daemon [_thread_blocked, id=4588, stack(0x20380000,0x20400000)]
  0x1f651800 JavaThread "Thread-3" daemon [_thread_blocked, id=5744, stack(0x20240000,0x202c0000)]
  0x1f651400 JavaThread "AWT-EventQueue-0" [_thread_blocked, id=2868, stack(0x201c0000,0x20240000)]
  0x1f650000 JavaThread "AWT-Shutdown" [_thread_blocked, id=3400, stack(0x0ff70000,0x0fff0000)]
  0x1f650c00 JavaThread "FelixPackageAdmin" daemon [_thread_blocked, id=2468, stack(0x20140000,0x201c0000)]
  0x1f650800 JavaThread "FelixStartLevel" daemon [_thread_blocked, id=5400, stack(0x200c0000,0x20140000)]
  0x1f64fc00 JavaThread "FelixDispatchQueue" daemon [_thread_blocked, id=6116, stack(0x1ffe0000,0x20060000)]
  0x0f618000 JavaThread "com.google.common.base.internal.Finalizer" daemon [_thread_blocked, id=3784, stack(0x0fe70000,0x0fef0000)]
  0x0f617000 JavaThread "AWT-Windows" daemon [_thread_in_native, id=2136, stack(0x0fb70000,0x0fbf0000)]
  0x1f401800 JavaThread "Java2D Disposer" daemon [_thread_blocked, id=1964, stack(0x0fa70000,0x0faf0000)]
  0x1f029400 JavaThread "Timer-0" [_thread_blocked, id=3832, stack(0x0f930000,0x0f9b0000)]
  0x1e758800 JavaThread "EventMgr Dispatcher" daemon [_thread_in_native, id=2776, stack(0x1e810000,0x1f010000)]
  0x084db400 JavaThread "Low Memory Detector" daemon [_thread_blocked, id=5936, stack(0x0e890000,0x0e910000)]
  0x084d7000 JavaThread "CompilerThread0" daemon [_thread_blocked, id=3636, stack(0x0e090000,0x0e890000)]
  0x084ce800 JavaThread "Attach Listener" daemon [_thread_blocked, id=1276, stack(0x0e010000,0x0e090000)]
  0x08496000 JavaThread "Finalizer" daemon [_thread_blocked, id=2560, stack(0x0df90000,0x0e010000)]
  0x08495000 JavaThread "Reference Handler" daemon [_thread_blocked, id=4100, stack(0x0df10000,0x0df90000)]
  0x08418800 JavaThread "main" [_thread_in_native, id=4684, stack(0x00430000,0x00c30000)]

Other Threads:
  0x08491800 VMThread [stack: 0x0d710000,0x0df10000] [id=4800]
  0x084e4c00 WatcherThread [stack: 0x0e910000,0x0f110000] [id=3948]

VM state:not at safepoint (normal execution)

VM Mutex/Monitor currently owned by a thread: None

Heap
 def new generation   total 29504K, used 27779K [0x10010000, 0x12010000, 0x12010000)
  eden space 26240K,  98% used [0x10010000, 0x1193c850, 0x119b0000)
  from space 3264K,  61% used [0x119b0000, 0x11ba4738, 0x11ce0000)
  to   space 3264K,   0% used [0x11ce0000, 0x11ce0000, 0x12010000)
 tenured generation   total 98304K, used 84764K [0x12010000, 0x18010000, 0x18010000)
   the space 98304K,  86% used [0x12010000, 0x172d7358, 0x172d7400, 0x18010000)
 compacting perm gen  total 55808K, used 55719K [0x18010000, 0x1b690000, 0x1e010000)
   the space 55808K,  99% used [0x18010000, 0x1b679c00, 0x1b679c00, 0x1b690000)
No shared spaces configured.

Dynamic libraries:
0x00400000 - 0x00425000 	D:\Program Files\MATLAB\R2013a\bin\win32\MATLAB.exe
0x771c0000 - 0x772fc000 	C:\Windows\SYSTEM32\ntdll.dll
0x755c0000 - 0x75694000 	C:\Windows\system32\kernel32.dll
0x752b0000 - 0x752fb000 	C:\Windows\system32\KERNELBASE.dll
0x7ef10000 - 0x7efa1000 	D:\Program Files\MATLAB\R2013a\bin\win32\libut.dll
0x7dce0000 - 0x7dd75000 	D:\Program Files\MATLAB\R2013a\bin\win32\libmwi18n.dll
0x10000000 - 0x1000b000 	D:\Program Files\MATLAB\R2013a\bin\win32\libmwresource_core.dll
0x001f0000 - 0x00259000 	D:\Program Files\MATLAB\R2013a\bin\win32\MSVCP100.dll
0x00260000 - 0x0031f000 	D:\Program Files\MATLAB\R2013a\bin\win32\MSVCR100.dll
0x70330000 - 0x7033c000 	D:\Program Files\MATLAB\R2013a\bin\win32\boost_date_time-vc100-mt-1_49.dll
0x00320000 - 0x00345000 	D:\Program Files\MATLAB\R2013a\bin\win32\boost_filesystem-vc100-mt-1_49.dll
0x73650000 - 0x73657000 	D:\Program Files\MATLAB\R2013a\bin\win32\boost_system-vc100-mt-1_49.dll
0x75d70000 - 0x75e10000 	C:\Windows\system32\ADVAPI32.dll
0x76230000 - 0x762dc000 	C:\Windows\system32\msvcrt.dll
0x77340000 - 0x77359000 	C:\Windows\SYSTEM32\sechost.dll
0x76310000 - 0x763b2000 	C:\Windows\system32\RPCRT4.dll
0x00350000 - 0x00371000 	D:\Program Files\MATLAB\R2013a\bin\win32\LIBEXPAT.dll
0x72eb0000 - 0x72ff9000 	D:\Program Files\MATLAB\R2013a\bin\win32\icuin49.dll
0x7ea10000 - 0x7eb17000 	D:\Program Files\MATLAB\R2013a\bin\win32\icuuc49.dll
0x00c30000 - 0x01d52000 	D:\Program Files\MATLAB\R2013a\bin\win32\icudt49.dll
0x73db0000 - 0x73dbd000 	D:\Program Files\MATLAB\R2013a\bin\win32\icuio49.dll
0x01d60000 - 0x01eb3000 	D:\Program Files\MATLAB\R2013a\bin\win32\libmwfl.dll
0x01ec0000 - 0x021e3000 	D:\Program Files\MATLAB\R2013a\bin\win32\libmwMATLAB_res.dll
0x021f0000 - 0x022a4000 	D:\Program Files\MATLAB\R2013a\bin\win32\boost_regex-vc100-mt-1_49.dll
0x770f0000 - 0x771b9000 	C:\Windows\system32\USER32.dll
0x761e0000 - 0x7622e000 	C:\Windows\system32\GDI32.dll
0x77310000 - 0x7731a000 	C:\Windows\system32\LPK.dll
0x75ea0000 - 0x75f3d000 	C:\Windows\system32\USP10.dll
0x702d0000 - 0x702de000 	D:\Program Files\MATLAB\R2013a\bin\win32\boost_signals-vc100-mt-1_49.dll
0x00390000 - 0x0039e000 	D:\Program Files\MATLAB\R2013a\bin\win32\boost_thread-vc100-mt-1_49.dll
0x022b0000 - 0x02324000 	D:\Program Files\MATLAB\R2013a\bin\win32\boost_log-vc100-mt-1_49.dll
0x77320000 - 0x77325000 	C:\Windows\system32\PSAPI.DLL
0x77360000 - 0x77395000 	C:\Windows\system32\WS2_32.dll
0x77300000 - 0x77306000 	C:\Windows\system32\NSI.dll
0x003a0000 - 0x003c8000 	D:\Program Files\MATLAB\R2013a\bin\win32\tbb.dll
0x762e0000 - 0x7630b000 	C:\Windows\system32\imagehlp.dll
0x72190000 - 0x721b5000 	C:\Windows\system32\POWRPROF.dll
0x75930000 - 0x75acd000 	C:\Windows\system32\SETUPAPI.dll
0x75260000 - 0x75287000 	C:\Windows\system32\CFGMGR32.dll
0x75e10000 - 0x75e9f000 	C:\Windows\system32\OLEAUT32.dll
0x756a0000 - 0x757fc000 	C:\Windows\system32\ole32.dll
0x75510000 - 0x75522000 	C:\Windows\system32\DEVOBJ.dll
0x003d0000 - 0x003e9000 	D:\Program Files\MATLAB\R2013a\bin\win32\libmwmfl_scalar.dll
0x02330000 - 0x0241b000 	C:\Windows\system32\dbghelp.dll
0x02420000 - 0x026b6000 	D:\Program Files\MATLAB\R2013a\bin\win32\libmwservices.dll
0x7db50000 - 0x7dc0c000 	D:\Program Files\MATLAB\R2013a\bin\win32\libmx.dll
0x026c0000 - 0x026d8000 	D:\Program Files\MATLAB\R2013a\bin\win32\tbbmalloc.dll
0x026e0000 - 0x026f4000 	D:\Program Files\MATLAB\R2013a\bin\win32\zlib1.dll
0x02700000 - 0x0273d000 	D:\Program Files\MATLAB\R2013a\bin\win32\libmwregexp.dll
0x7df40000 - 0x7df78000 	D:\Program Files\MATLAB\R2013a\bin\win32\mpath.dll
0x72990000 - 0x72ea3000 	D:\Program Files\MATLAB\R2013a\bin\win32\mlutil.dll
0x7d670000 - 0x7d6d2000 	D:\Program Files\MATLAB\R2013a\bin\win32\xmlcore.dll
0x02740000 - 0x02900000 	D:\Program Files\MATLAB\R2013a\bin\win32\xerces-c_2_7.dll
0x02900000 - 0x0291f000 	D:\Program Files\MATLAB\R2013a\bin\win32\libmwMATLAB_settings_res.dll
0x02920000 - 0x0292d000 	D:\Program Files\MATLAB\R2013a\bin\win32\boost_iostreams-vc100-mt-1_49.dll
0x02930000 - 0x0296e000 	D:\Program Files\MATLAB\R2013a\bin\win32\boost_serialization-vc100-mt-1_49.dll
0x76440000 - 0x7708a000 	C:\Windows\system32\SHELL32.dll
0x77090000 - 0x770e7000 	C:\Windows\system32\SHLWAPI.dll
0x02970000 - 0x02975000 	D:\Program Files\MATLAB\R2013a\bin\win32\libmwnativedisplay.dll
0x72630000 - 0x726b4000 	C:\Windows\WinSxS\x86_microsoft.windows.common-controls_6595b64144ccf1df_5.82.7601.18201_none_ec80f00e8593ece5\COMCTL32.dll
0x763c0000 - 0x7643b000 	C:\Windows\system32\COMDLG32.dll
0x735b0000 - 0x735c1000 	C:\Windows\system32\NETAPI32.dll
0x735a0000 - 0x735a9000 	C:\Windows\system32\netutils.dll
0x75020000 - 0x75039000 	C:\Windows\system32\srvcli.dll
0x73590000 - 0x7359f000 	C:\Windows\system32\wkscli.dll
0x7f270000 - 0x7f2f7000 	D:\Program Files\MATLAB\R2013a\bin\win32\mcr.dll
0x02980000 - 0x02d0e000 	D:\Program Files\MATLAB\R2013a\bin\win32\iqm.dll
0x7f630000 - 0x7f6b1000 	D:\Program Files\MATLAB\R2013a\bin\win32\m_dispatcher.dll
0x7b920000 - 0x7be74000 	D:\Program Files\MATLAB\R2013a\bin\win32\m_interpreter.dll
0x73dc0000 - 0x73ddc000 	D:\Program Files\MATLAB\R2013a\bin\win32\libmex.dll
0x7d8b0000 - 0x7d910000 	D:\Program Files\MATLAB\R2013a\bin\win32\profiler.dll
0x02d10000 - 0x02f7c000 	D:\Program Files\MATLAB\R2013a\bin\win32\libmwmathutil.dll
0x734f0000 - 0x7350f000 	D:\Program Files\MATLAB\R2013a\bin\win32\libmwmathrng.dll
0x02f80000 - 0x02f8e000 	D:\Program Files\MATLAB\R2013a\bin\win32\libmwmfl_rng.dll
0x7c390000 - 0x7c43b000 	D:\Program Files\MATLAB\R2013a\bin\win32\libmwmathcore.dll
0x7e000000 - 0x7e048000 	D:\Program Files\MATLAB\R2013a\bin\win32\libmwspmatrix.dll
0x72390000 - 0x72540000 	D:\Program Files\MATLAB\R2013a\bin\win32\mcos.dll
0x02f90000 - 0x02fdb000 	D:\Program Files\MATLAB\R2013a\bin\win32\libmwcholmod.dll
0x73e70000 - 0x73e7a000 	D:\Program Files\MATLAB\R2013a\bin\win32\libmwamd.dll
0x03000000 - 0x030a3000 	C:\Windows\WinSxS\x86_microsoft.vc90.crt_1fc8b3b9a1e18e3b_9.0.30729.6161_none_50934f2ebcb7eb57\MSVCR90.dll
0x73e80000 - 0x73e8a000 	D:\Program Files\MATLAB\R2013a\bin\win32\libmwcolamd.dll
0x030c0000 - 0x030cb000 	D:\Program Files\MATLAB\R2013a\bin\win32\libmwblas.dll
0x73d30000 - 0x73d41000 	D:\Program Files\MATLAB\R2013a\bin\win32\libmwbinder.dll
0x73ea0000 - 0x73ea9000 	D:\Program Files\MATLAB\R2013a\bin\win32\libmwompwrapper.dll
0x73030000 - 0x73064000 	D:\Program Files\MATLAB\R2013a\bin\win32\libmwlapack.dll
0x73bf0000 - 0x73c07000 	D:\Program Files\MATLAB\R2013a\bin\win32\m_pcodeio.dll
0x7e080000 - 0x7e0c9000 	D:\Program Files\MATLAB\R2013a\bin\win32\m_ir.dll
0x030d0000 - 0x03660000 	D:\Program Files\MATLAB\R2013a\bin\win32\m_parser.dll
0x03660000 - 0x03671000 	D:\Program Files\MATLAB\R2013a\bin\win32\ir_xfmr.dll
0x73e90000 - 0x73e9e000 	D:\Program Files\MATLAB\R2013a\bin\win32\mtok.dll
0x73690000 - 0x736b1000 	D:\Program Files\MATLAB\R2013a\bin\win32\m_pcodegen.dll
0x7e1c0000 - 0x7e1e7000 	D:\Program Files\MATLAB\R2013a\bin\win32\libmwbridge.dll
0x7f390000 - 0x7f421000 	D:\Program Files\MATLAB\R2013a\bin\win32\udd.dll
0x7e6f0000 - 0x7e808000 	D:\Program Files\MATLAB\R2013a\bin\win32\libmwgui.dll
0x73c10000 - 0x73c2d000 	D:\Program Files\MATLAB\R2013a\bin\win32\graphics_util.dll
0x03680000 - 0x03732000 	D:\Program Files\MATLAB\R2013a\bin\win32\libtex_base.dll
0x03740000 - 0x03e8c000 	D:\Program Files\MATLAB\R2013a\bin\win32\hg.dll
0x03e90000 - 0x03ed6000 	D:\Program Files\MATLAB\R2013a\bin\win32\libmat.dll
0x03ee0000 - 0x040c9000 	D:\Program Files\MATLAB\R2013a\bin\win32\hdf5dll.dll
0x7d9d0000 - 0x7da76000 	D:\Program Files\MATLAB\R2013a\bin\win32\jmi.dll
0x040e0000 - 0x040ec000 	D:\Program Files\MATLAB\R2013a\bin\win32\nativejava_services.dll
0x732b0000 - 0x732e2000 	D:\Program Files\MATLAB\R2013a\bin\win32\libmwhardcopy.dll
0x7de70000 - 0x7deb8000 	D:\Program Files\MATLAB\R2013a\bin\win32\libuij.dll
0x040f0000 - 0x042c2000 	D:\Program Files\MATLAB\R2013a\bin\win32\hgdatatypes.dll
0x7d2e0000 - 0x7d39d000 	D:\Program Files\MATLAB\R2013a\bin\win32\hgutils.dll
0x042d0000 - 0x04358000 	D:\Program Files\MATLAB\R2013a\bin\win32\udd_mi.dll
0x04360000 - 0x0438d000 	D:\Program Files\MATLAB\R2013a\bin\win32\libmwgbtutils.dll
0x04390000 - 0x043a0000 	D:\Program Files\MATLAB\R2013a\bin\win32\libmwgbt.dll
0x043a0000 - 0x04645000 	D:\Program Files\MATLAB\R2013a\bin\win32\uiw.dll
0x73ee0000 - 0x73ee8000 	D:\Program Files\MATLAB\R2013a\bin\win32\uinone.dll
0x04650000 - 0x0466e000 	D:\Program Files\MATLAB\R2013a\bin\win32\libmwnativefiledialogs.dll
0x04670000 - 0x04679000 	D:\Program Files\MATLAB\R2013a\bin\win32\libmwplatform_res.dll
0x04680000 - 0x04692000 	C:\Windows\system32\MPR.dll
0x046a0000 - 0x04ad8000 	D:\Program Files\MATLAB\R2013a\bin\win32\mfc100.dll
0x71ac0000 - 0x71ac5000 	C:\Windows\system32\MSIMG32.dll
0x74750000 - 0x747a1000 	C:\Windows\system32\WINSPOOL.DRV
0x73710000 - 0x73726000 	D:\Program Files\MATLAB\R2013a\bin\win32\mwoles05.DLL
0x7dc40000 - 0x7dc93000 	D:\Program Files\MATLAB\R2013a\bin\win32\comcli.dll
0x04ae0000 - 0x04b06000 	D:\Program Files\MATLAB\R2013a\bin\win32\ATL100.DLL
0x73e00000 - 0x73e0a000 	D:\Program Files\MATLAB\R2013a\bin\win32\mlautoregister.dll
0x04b10000 - 0x04c4c000 	D:\Program Files\MATLAB\R2013a\bin\win32\mvm.dll
0x75ad0000 - 0x75aef000 	C:\Windows\system32\IMM32.DLL
0x75f40000 - 0x7600c000 	C:\Windows\system32\MSCTF.dll
0x739c0000 - 0x73a00000 	C:\Windows\system32\UxTheme.dll
0x73820000 - 0x73833000 	C:\Windows\system32\dwmapi.dll
0x04eb0000 - 0x04ebd000 	D:\Program Files\MATLAB\R2013a\bin\win32\MFC100ENU.DLL
0x04f10000 - 0x04f52000 	D:\Program Files\MATLAB\R2013a\bin\win32\MVMLocal.dll
0x74b30000 - 0x74dbb000 	D:\Program Files\MATLAB\R2013a\sys\java\jre\win32\jre\bin\client\jvm.dll

VM Arguments:
jvm_args: -Xss512k -XX:PermSize=32m -Xms64m -XX:NewRatio=3 -XX:MaxPermSize=96m -Xmx128m -XX:MaxDirectMemorySize=1200000000 -Dsun.java2d.noddraw=true -Dsun.awt.nopixfmt=true -Xshare:off -Xrs -Dsun.awt.disableMixing=true -Djava.library.path=D:\Program Files\MATLAB\R2013a\bin\win32;D:\Program Files\MATLAB\R2013a\sys\jxbrowser\win32\lib vfprintf abort 
java_command: <unknown>
Launcher Type: generic

Environment Variables:
PATH=C:\Program Files\ImageMagick-6.8.6-Q16;C:\Program Files\NVIDIA Corporation\PhysX\Common;C:\Windows\system32;C:\Windows;C:\Windows\System32\Wbem;C:\Windows\System32\WindowsPowerShell\v1.0\;C:\Program Files\MiKTeX 2.9\miktex\bin\;C:\Program Files\Microsoft SQL Server\110\Tools\Binn\;D:\Program Files\Subversion\bin;D:\Program Files\Git\cmd;D:\Program_Files\Strawberry_Perl\c\bin;D:\Program_Files\Strawberry_Perl\perl\site\bin;D:\Program_Files\Strawberry_Perl\perl\bin;D:\Program Files\MATLAB\R2013a\runtime\win32;D:\Program Files\MATLAB\R2013a\bin;C:\Users\aaron\AppData\Roaming\MiKTeX\2.9\miktex\bin\; C:\Program Files\SSH Communications Security\SSH Secure Shell; D:\Program Files\SSH Communications Security\SSH Secure Shell;D:\Program Files\python27;D:\Program Files\python27\Scripts;D:\Ruby193\bin;D:\Program Files\Git\cmd;D:\Program Files\Sublime Text 2;D:\Program_Files\Strawberry_Perl\perl\bin
USERNAME=aaron
OS=Windows_NT
PROCESSOR_IDENTIFIER=x86 Family 6 Model 23 Stepping 6, GenuineIntel



---------------  S Y S T E M  ---------------

OS: Windows 7 Build 7601 Service Pack 1

CPU:total 2 (2 cores per cpu, 1 threads per core) family 6 model 23 stepping 6, cmov, cx8, fxsr, mmx, sse, sse2, sse3, ssse3, sse4.1

Memory: 4k page, physical 3668032k(1225860k free), swap 4194303k(3719408k free)

vm_info: Java HotSpot(TM) Client VM (14.3-b01) for windows-x86 JRE (1.6.0_17-b04), built on Oct 11 2009 00:52:06 by "java_re" with MS VC++ 7.1

time: Wed Dec 25 18:08:27 2013
elapsed time: 24543 seconds

